#
# A fatal error has been detected by the Java Runtime Environment:
#
#  SIGSEGV (0xb) at pc=0x000000011d56a5dd, pid=18344, tid=2571
#
# JRE version: Java(TM) SE Runtime Environment (8.0_51-b16) (build 1.8.0_51-b16)
# Java VM: Java HotSpot(TM) 64-Bit Server VM (25.51-b03 mixed mode bsd-amd64 compressed oops)
# Problematic frame:
# C  [libglass.dylib+0x155dd]  GlassScreenDidChangeScreenParameters+0x9d
#
# Failed to write core dump. Core dumps have been disabled. To enable core dumping, try "ulimit -c unlimited" before starting Java again
#
# If you would like to submit a bug report, please visit:
#   http://bugreport.java.com/bugreport/crash.jsp
#

---------------  T H R E A D  ---------------

Current thread is native thread

siginfo: si_signo: 11 (SIGSEGV), si_code: 1 (SEGV_MAPERR), si_addr: 0x0000000000000000

Registers:
RAX=0x000000011d59cbc0, RBX=0x0000000000000000, RCX=0x0000000000000103, RDX=0x00007f9251c97980
RSP=0x00007fff5c1af190, RBP=0x00007fff5c1af1a0, RSI=0x00007f9251c1bba8, RDI=0x0000000000000000
R8 =0x0000000000000040, R9 =0x00007fff763b91e0, R10=0xffffffffffffffff, R11=0x0000000000000246
R12=0x00007f92543b5c40, R13=0x00007f9251d80840, R14=0x00007f9251d80900, R15=0x0000000000000000
RIP=0x000000011d56a5dd, EFLAGS=0x0000000000010202, ERR=0x0000000000000004
  TRAPNO=0x000000000000000e

Top of Stack: (sp=0x00007fff5c1af190)
0x00007fff5c1af190:   00007fff5c1af1e8 00007f9251d80900
0x00007fff5c1af1a0:   00007fff5c1af1b0 00007fff8670070c
0x00007fff5c1af1b0:   00007fff5c1af1d0 00007fff8670067f
0x00007fff5c1af1c0:   0000000000000000 0000000000000000
0x00007fff5c1af1d0:   00007fff5c1af240 00007fff866ffd47
0x00007fff5c1af1e0:   00007fff86a397ed 00007fff76afe0a0
0x00007fff5c1af1f0:   0000000042000000 00007fff86700640
0x00007fff5c1af200:   00007fff74edc720 00007f9251d80840
0x00007fff5c1af210:   00007f92543b5c40 00007fff5c1af9e8
0x00007fff5c1af220:   00007fff75009780 00007fff5c1af9e8
0x00007fff5c1af230:   00007f9251d80840 00007fff86a38b0f
0x00007fff5c1af240:   00007fff5c1af280 00007fff866ffab2
0x00007fff5c1af250:   00007fff5c1af860 0000000000000000
0x00007fff5c1af260:   00007fff75009780 00007fff5c1af9e8
0x00007fff5c1af270:   00007fff8b7874c0 00007fff86a38b0f
0x00007fff5c1af280:   00007fff5c1af990 00007fff866f9d42
0x00007fff5c1af290:   00007f9251f2c300 0000000000000003
0x00007fff5c1af2a0:   0000000000000000 00007f9251f09a20
0x00007fff5c1af2b0:   00007f9252009048 00007f9251f2e1c0
0x00007fff5c1af2c0:   0000000000000000 00007f9251d80960
0x00007fff5c1af2d0:   0000000000000000 0000000000000000
0x00007fff5c1af2e0:   00007fff74f19bc0 00007fff5c1af860
0x00007fff5c1af2f0:   0000000000000001 0000000000000100
0x00007fff5c1af300:   0000000000001100 00007fff5c1af760
0x00007fff5c1af310:   0000000000000000 0000000000000100
0x00007fff5c1af320:   4049000000000000 00007fff75009780
0x00007fff5c1af330:   0000000000000000 00007fff74edd500
0x00007fff5c1af340:   00007fff75009780 0000000000000000
0x00007fff5c1af350:   00007fff74edd500 00007f92543f1690
0x00007fff5c1af360:   00007f9251f2c300 0000000000000003
0x00007fff5c1af370:   0000000000000000 00007fff8b7874c0
0x00007fff5c1af380:   00007fff5c1af540 00007fff9a0b4348 

Instructions: (pc=0x000000011d56a5dd)
0x000000011d56a5bd:   89 df 4c 89 f1 41 ff 90 68 04 00 00 48 8d 05 f8
0x000000011d56a5cd:   24 03 00 48 8b 30 48 8d 05 e6 25 03 00 48 8b 10
0x000000011d56a5dd:   48 8b 0b 30 c0 48 89 df ff 91 68 04 00 00 48 8b
0x000000011d56a5ed:   03 48 89 df ff 50 78 48 85 c0 74 36 49 89 c6 48 

Register to memory mapping:

RAX=0x000000011d59cbc0: jScreenNotifySettingsChanged+0 in /Library/Java/JavaVirtualMachines/jdk1.8.0_51.jdk/Contents/Home/jre/lib/libglass.dylib at 0x000000011d555000
RBX=0x0000000000000000 is an unknown value
RCX=0x0000000000000103 is an unknown value
RDX=0x00007f9251c97980 is an unknown value
RSP=0x00007fff5c1af190 is an unknown value
RBP=0x00007fff5c1af1a0 is an unknown value
RSI=0x00007f9251c1bba8 is a global jni handle
RDI=0x0000000000000000 is an unknown value
R8 =0x0000000000000040 is an unknown value
R9 =0x00007fff763b91e0: __sFX+0x1c0 in /usr/lib/system/libsystem_c.dylib at 0x00007fff8c889000
R10=0xffffffffffffffff is an unknown value
R11=0x0000000000000246 is an unknown value
R12=0x00007f92543b5c40 is an unknown value
R13=0x00007f9251d80840 is an unknown value
R14=0x00007f9251d80900 is an unknown value
R15=0x0000000000000000 is an unknown value


Stack: [0x00007fff5b9b3000,0x00007fff5c1b3000],  sp=0x00007fff5c1af190,  free space=8176k
Native frames: (J=compiled Java code, j=interpreted, Vv=VM code, C=native code)
C  [libglass.dylib+0x155dd]  GlassScreenDidChangeScreenParameters+0x9d
C  [CoreFoundation+0x12870c]  __CFNOTIFICATIONCENTER_IS_CALLING_OUT_TO_AN_OBSERVER__+0xc
C  [CoreFoundation+0x12867f]  ___CFXRegistrationPost_block_invoke+0x3f
C  [CoreFoundation+0x127d47]  _CFXRegistrationPost+0x197
C  [CoreFoundation+0x127ab2]  ___CFXNotificationPost_block_invoke+0x32
C  [CoreFoundation+0x121d42]  -[_CFXNotificationRegistrar find:object:observer:enumerator:]+0x782
C  [CoreFoundation+0x10145]  _CFXNotificationPost+0x2b5
C  [Foundation+0x7921]  -[NSNotificationCenter postNotificationName:object:userInfo:]+0x42
C  [AppKit+0x3d9ca8]  -[NSApplication _reactToScreenInvalidationImmediately:]+0x17f
C  [AppKit+0x3d9af9]  __44-[NSApplication _reactToScreenInvalidation:]_block_invoke+0x3b
C  [CoreFoundation+0x7e4ac]  __CFRUNLOOP_IS_CALLING_OUT_TO_A_BLOCK__+0xc
C  [CoreFoundation+0x70165]  __CFRunLoopDoBlocks+0x155
C  [CoreFoundation+0x6fecb]  __CFRunLoopRun+0x92b
C  [CoreFoundation+0x6f338]  CFRunLoopRunSpecific+0x128
C  [java+0x6463]  CreateExecutionEnvironment+0x367
C  [java+0x21ac]  JLI_Launch+0x7a0
C  [java+0x84c0]  main+0x65
C  [java+0x1a04]  start+0x34


---------------  P R O C E S S  ---------------

VM state:not at safepoint (normal execution)

VM Mutex/Monitor currently owned by a thread: None

Heap:
 PSYoungGen      total 26112K, used 22688K [0x0000000795580000, 0x0000000797100000, 0x00000007c0000000)
  eden space 24064K, 87% used [0x0000000795580000,0x0000000796a0d9a0,0x0000000796d00000)
  from space 2048K, 80% used [0x0000000796f00000,0x000000079709aa50,0x0000000797100000)
  to   space 2048K, 0% used [0x0000000796d00000,0x0000000796d00000,0x0000000796f00000)
 ParOldGen       total 87552K, used 15744K [0x0000000740000000, 0x0000000745580000, 0x0000000795580000)
  object space 87552K, 17% used [0x0000000740000000,0x0000000740f60250,0x0000000745580000)
 Metaspace       used 15215K, capacity 16012K, committed 16128K, reserved 1062912K
  class space    used 2035K, capacity 2203K, committed 2304K, reserved 1048576K

Card table byte_map: [0x0000000114929000,0x0000000114d2a000] byte_map_base: 0x0000000110f29000

Marking Bits: (ParMarkBitMap*) 0x0000000104ec27a0
 Begin Bits: [0x0000000114fd5000, 0x0000000116fd5000)
 End Bits:   [0x0000000116fd5000, 0x0000000118fd5000)

Polling page: 0x0000000103d10000

CodeCache: size=245760Kb used=8825Kb max_used=8840Kb free=236934Kb
 bounds [0x0000000105569000, 0x0000000105e19000, 0x0000000114569000]
 total_blobs=3294 nmethods=2658 adapters=549
 compilation: enabled

Compilation events (10 events):
Event: 290.092 Thread 0x00007f9252093800 2686       4       java.util.TaskQueue::fixDown (108 bytes)
Event: 290.093 Thread 0x00007f9252093800 nmethod 2686 0x0000000105717210 code [0x0000000105717360, 0x00000001057173f8]
Event: 360.566 Thread 0x00007f9252093800 2687       4       models.Robot::walk (98 bytes)
Event: 360.568 Thread 0x00007f9252093800 nmethod 2687 0x0000000105698a10 code [0x0000000105698b80, 0x0000000105698cd8]
Event: 366.079 Thread 0x00007f9253011000 2688       1       models.Robot::setOrientation (6 bytes)
Event: 366.079 Thread 0x00007f9253011000 nmethod 2688 0x00000001056b6e50 code [0x00000001056b6fa0, 0x00000001056b70b0]
Event: 447.846 Thread 0x00007f9252046800 2689   !   4       com.sun.javafx.application.PlatformImpl::runLater (100 bytes)
Event: 447.882 Thread 0x00007f9252046800 nmethod 2689 0x0000000105de8f10 code [0x0000000105de9220, 0x0000000105deaca8]
Event: 471.651 Thread 0x00007f9252093800 2690 % !   4       java.util.TimerThread::mainLoop @ 0 (232 bytes)
Event: 471.669 Thread 0x00007f9252093800 nmethod 2690% 0x0000000105e14d90 code [0x0000000105e14f80, 0x0000000105e159e8]

GC Heap History (10 events):
Event: 504.480 GC heap before
{Heap before GC invocations=108 (full 0):
 PSYoungGen      total 26112K, used 25433K [0x0000000795580000, 0x0000000797100000, 0x00000007c0000000)
  eden space 24064K, 99% used [0x0000000795580000,0x0000000796cc4bd0,0x0000000796d00000)
  from space 2048K, 78% used [0x0000000796d00000,0x0000000796e91b50,0x0000000796f00000)
  to   space 2048K, 0% used [0x0000000796f00000,0x0000000796f00000,0x0000000797100000)
 ParOldGen       total 87552K, used 15744K [0x0000000740000000, 0x0000000745580000, 0x0000000795580000)
  object space 87552K, 17% used [0x0000000740000000,0x0000000740f60250,0x0000000745580000)
 Metaspace       used 15215K, capacity 16012K, committed 16128K, reserved 1062912K
  class space    used 2035K, capacity 2203K, committed 2304K, reserved 1048576K
Event: 504.482 GC heap after
Heap after GC invocations=108 (full 0):
 PSYoungGen      total 26112K, used 1614K [0x0000000795580000, 0x0000000797100000, 0x00000007c0000000)
  eden space 24064K, 0% used [0x0000000795580000,0x0000000795580000,0x0000000796d00000)
  from space 2048K, 78% used [0x0000000796f00000,0x0000000797093850,0x0000000797100000)
  to   space 2048K, 0% used [0x0000000796d00000,0x0000000796d00000,0x0000000796f00000)
 ParOldGen       total 87552K, used 15744K [0x0000000740000000, 0x0000000745580000, 0x0000000795580000)
  object space 87552K, 17% used [0x0000000740000000,0x0000000740f60250,0x0000000745580000)
 Metaspace       used 15215K, capacity 16012K, committed 16128K, reserved 1062912K
  class space    used 2035K, capacity 2203K, committed 2304K, reserved 1048576K
}
Event: 506.481 GC heap before
{Heap before GC invocations=109 (full 0):
 PSYoungGen      total 26112K, used 25546K [0x0000000795580000, 0x0000000797100000, 0x00000007c0000000)
  eden space 24064K, 99% used [0x0000000795580000,0x0000000796cdf070,0x0000000796d00000)
  from space 2048K, 78% used [0x0000000796f00000,0x0000000797093850,0x0000000797100000)
  to   space 2048K, 0% used [0x0000000796d00000,0x0000000796d00000,0x0000000796f00000)
 ParOldGen       total 87552K, used 15744K [0x0000000740000000, 0x0000000745580000, 0x0000000795580000)
  object space 87552K, 17% used [0x0000000740000000,0x0000000740f60250,0x0000000745580000)
 Metaspace       used 15215K, capacity 16012K, committed 16128K, reserved 1062912K
  class space    used 2035K, capacity 2203K, committed 2304K, reserved 1048576K
Event: 506.483 GC heap after
Heap after GC invocations=109 (full 0):
 PSYoungGen      total 26112K, used 1621K [0x0000000795580000, 0x0000000797100000, 0x00000007c0000000)
  eden space 24064K, 0% used [0x0000000795580000,0x0000000795580000,0x0000000796d00000)
  from space 2048K, 79% used [0x0000000796d00000,0x0000000796e95550,0x0000000796f00000)
  to   space 2048K, 0% used [0x0000000796f00000,0x0000000796f00000,0x0000000797100000)
 ParOldGen       total 87552K, used 15744K [0x0000000740000000, 0x0000000745580000, 0x0000000795580000)
  object space 87552K, 17% used [0x0000000740000000,0x0000000740f60250,0x0000000745580000)
 Metaspace       used 15215K, capacity 16012K, committed 16128K, reserved 1062912K
  class space    used 2035K, capacity 2203K, committed 2304K, reserved 1048576K
}
Event: 508.541 GC heap before
{Heap before GC invocations=110 (full 0):
 PSYoungGen      total 26112K, used 25658K [0x0000000795580000, 0x0000000797100000, 0x00000007c0000000)
  eden space 24064K, 99% used [0x0000000795580000,0x0000000796cf9510,0x0000000796d00000)
  from space 2048K, 79% used [0x0000000796d00000,0x0000000796e95550,0x0000000796f00000)
  to   space 2048K, 0% used [0x0000000796f00000,0x0000000796f00000,0x0000000797100000)
 ParOldGen       total 87552K, used 15744K [0x0000000740000000, 0x0000000745580000, 0x0000000795580000)
  object space 87552K, 17% used [0x0000000740000000,0x0000000740f60250,0x0000000745580000)
 Metaspace       used 15215K, capacity 16012K, committed 16128K, reserved 1062912K
  class space    used 2035K, capacity 2203K, committed 2304K, reserved 1048576K
Event: 508.543 GC heap after
Heap after GC invocations=110 (full 0):
 PSYoungGen      total 26112K, used 1628K [0x0000000795580000, 0x0000000797100000, 0x00000007c0000000)
  eden space 24064K, 0% used [0x0000000795580000,0x0000000795580000,0x0000000796d00000)
  from space 2048K, 79% used [0x0000000796f00000,0x0000000797097250,0x0000000797100000)
  to   space 2048K, 0% used [0x0000000796d00000,0x0000000796d00000,0x0000000796f00000)
 ParOldGen       total 87552K, used 15744K [0x0000000740000000, 0x0000000745580000, 0x0000000795580000)
  object space 87552K, 17% used [0x0000000740000000,0x0000000740f60250,0x0000000745580000)
 Metaspace       used 15215K, capacity 16012K, committed 16128K, reserved 1062912K
  class space    used 2035K, capacity 2203K, committed 2304K, reserved 1048576K
}
Event: 510.520 GC heap before
{Heap before GC invocations=111 (full 0):
 PSYoungGen      total 26112K, used 24953K [0x0000000795580000, 0x0000000797100000, 0x00000007c0000000)
  eden space 24064K, 96% used [0x0000000795580000,0x0000000796c47210,0x0000000796d00000)
  from space 2048K, 79% used [0x0000000796f00000,0x0000000797097250,0x0000000797100000)
  to   space 2048K, 0% used [0x0000000796d00000,0x0000000796d00000,0x0000000796f00000)
 ParOldGen       total 87552K, used 15744K [0x0000000740000000, 0x0000000745580000, 0x0000000795580000)
  object space 87552K, 17% used [0x0000000740000000,0x0000000740f60250,0x0000000745580000)
 Metaspace       used 15215K, capacity 16012K, committed 16128K, reserved 1062912K
  class space    used 2035K, capacity 2203K, committed 2304K, reserved 1048576K
Event: 510.522 GC heap after
Heap after GC invocations=111 (full 0):
 PSYoungGen      total 26112K, used 1635K [0x0000000795580000, 0x0000000797100000, 0x00000007c0000000)
  eden space 24064K, 0% used [0x0000000795580000,0x0000000795580000,0x0000000796d00000)
  from space 2048K, 79% used [0x0000000796d00000,0x0000000796e98e50,0x0000000796f00000)
  to   space 2048K, 0% used [0x0000000796f00000,0x0000000796f00000,0x0000000797100000)
 ParOldGen       total 87552K, used 15744K [0x0000000740000000, 0x0000000745580000, 0x0000000795580000)
  object space 87552K, 17% used [0x0000000740000000,0x0000000740f60250,0x0000000745580000)
 Metaspace       used 15215K, capacity 16012K, committed 16128K, reserved 1062912K
  class space    used 2035K, capacity 2203K, committed 2304K, reserved 1048576K
}
Event: 512.529 GC heap before
{Heap before GC invocations=112 (full 0):
 PSYoungGen      total 26112K, used 25058K [0x0000000795580000, 0x0000000797100000, 0x00000007c0000000)
  eden space 24064K, 97% used [0x0000000795580000,0x0000000796c5f9b8,0x0000000796d00000)
  from space 2048K, 79% used [0x0000000796d00000,0x0000000796e98e50,0x0000000796f00000)
  to   space 2048K, 0% used [0x0000000796f00000,0x0000000796f00000,0x0000000797100000)
 ParOldGen       total 87552K, used 15744K [0x0000000740000000, 0x0000000745580000, 0x0000000795580000)
  object space 87552K, 17% used [0x0000000740000000,0x0000000740f60250,0x0000000745580000)
 Metaspace       used 15215K, capacity 16012K, committed 16128K, reserved 1062912K
  class space    used 2035K, capacity 2203K, committed 2304K, reserved 1048576K
Event: 512.531 GC heap after
Heap after GC invocations=112 (full 0):
 PSYoungGen      total 26112K, used 1642K [0x0000000795580000, 0x0000000797100000, 0x00000007c0000000)
  eden space 24064K, 0% used [0x0000000795580000,0x0000000795580000,0x0000000796d00000)
  from space 2048K, 80% used [0x0000000796f00000,0x000000079709aa50,0x0000000797100000)
  to   space 2048K, 0% used [0x0000000796d00000,0x0000000796d00000,0x0000000796f00000)
 ParOldGen       total 87552K, used 15744K [0x0000000740000000, 0x0000000745580000, 0x0000000795580000)
  object space 87552K, 17% used [0x0000000740000000,0x0000000740f60250,0x0000000745580000)
 Metaspace       used 15215K, capacity 16012K, committed 16128K, reserved 1062912K
  class space    used 2035K, capacity 2203K, committed 2304K, reserved 1048576K
}

Deoptimization events (10 events):
Event: 48.619 Thread 0x00007f925209b000 Uncommon trap: reason=unstable_if action=reinterpret pc=0x0000000105bf4798 method=com.sun.prism.impl.ps.BaseShaderContext.validatePaintOp(Lcom/sun/prism/impl/ps/BaseShaderGraphics;Lcom/sun/javafx/geom/transform/BaseTransform;Lcom/sun/prism/impl/ps/BaseSha
Event: 48.619 Thread 0x00007f925209b000 Uncommon trap: reason=unstable_if action=reinterpret pc=0x0000000105be3ffc method=com.sun.prism.impl.ps.BaseShaderGraphics.setPaint(Lcom/sun/prism/paint/Paint;)V @ 7
Event: 48.619 Thread 0x00007f925209b000 Uncommon trap: reason=unstable_if action=reinterpret pc=0x0000000105bc193c method=com.sun.prism.impl.ps.BaseShaderContext.updatePerVertexColor(Lcom/sun/prism/paint/Paint;F)V @ 11
Event: 48.619 Thread 0x00007f925209b000 Uncommon trap: reason=unstable_if action=reinterpret pc=0x0000000105c43ddc method=com.sun.javafx.sg.prism.NGNode.doRender(Lcom/sun/prism/Graphics;)V @ 24
Event: 48.620 Thread 0x00007f925209b000 Uncommon trap: reason=unstable_if action=reinterpret pc=0x0000000105c3c3d8 method=com.sun.javafx.sg.prism.NGNode.render(Lcom/sun/prism/Graphics;)V @ 19
Event: 50.385 Thread 0x00007f9252108000 Uncommon trap: reason=unstable_if action=reinterpret pc=0x0000000105d0f080 method=javafx.beans.property.DoublePropertyBase.set(D)V @ 98
Event: 50.396 Thread 0x00007f9252108000 Uncommon trap: reason=unstable_if action=reinterpret pc=0x0000000105d25c1c method=java.util.concurrent.locks.ReentrantLock$Sync.nonfairTryAcquire(I)Z @ 10
Event: 50.396 Thread 0x00007f9252108000 Uncommon trap: reason=unstable_if action=reinterpret pc=0x0000000105d063e4 method=java.util.concurrent.locks.ReentrantLock$Sync.tryRelease(I)Z @ 28
Event: 50.445 Thread 0x00007f925229c800 Uncommon trap: reason=unstable_if action=reinterpret pc=0x0000000105d301a0 method=com.sun.javafx.sg.prism.GrowableDataBuffer.putObject(Ljava/lang/Object;)V @ 9
Event: 50.494 Thread 0x00007f925229c800 Uncommon trap: reason=unstable_if action=reinterpret pc=0x0000000105bfc2fc method=com.sun.javafx.sg.prism.GrowableDataBuffer.putObject(Ljava/lang/Object;)V @ 9

Internal exceptions (10 events):
Event: 0.233 Thread 0x00007f9253804000 Exception <a 'java/security/PrivilegedActionException'> (0x00000007957c1778) thrown at [/Users/java_re/workspace/8-2-build-macosx-x86_64/jdk8u51/3951/hotspot/src/share/vm/prims/jvm.cpp, line 1382]
Event: 0.538 Thread 0x00007f9253804000 Exception <a 'java/lang/NoSuchFieldError': method resolution failed> (0x0000000795a2c000) thrown at [/Users/java_re/workspace/8-2-build-macosx-x86_64/jdk8u51/3951/hotspot/src/share/vm/prims/methodHandles.cpp, line 1125]
Event: 0.542 Thread 0x00007f9253804000 Exception <a 'java/lang/NoSuchFieldError': method resolution failed> (0x0000000795a3a6d0) thrown at [/Users/java_re/workspace/8-2-build-macosx-x86_64/jdk8u51/3951/hotspot/src/share/vm/prims/methodHandles.cpp, line 1125]
Event: 0.603 Thread 0x00007f9253879800 Exception <a 'java/security/PrivilegedActionException'> (0x0000000795b74e10) thrown at [/Users/java_re/workspace/8-2-build-macosx-x86_64/jdk8u51/3951/hotspot/src/share/vm/prims/jvm.cpp, line 1382]
Event: 0.603 Thread 0x00007f9253879800 Exception <a 'java/security/PrivilegedActionException'> (0x0000000795b74fc8) thrown at [/Users/java_re/workspace/8-2-build-macosx-x86_64/jdk8u51/3951/hotspot/src/share/vm/prims/jvm.cpp, line 1382]
Event: 0.604 Thread 0x00007f9253879800 Exception <a 'java/security/PrivilegedActionException'> (0x0000000795b781b8) thrown at [/Users/java_re/workspace/8-2-build-macosx-x86_64/jdk8u51/3951/hotspot/src/share/vm/prims/jvm.cpp, line 1382]
Event: 0.604 Thread 0x00007f9253879800 Exception <a 'java/security/PrivilegedActionException'> (0x0000000795b78370) thrown at [/Users/java_re/workspace/8-2-build-macosx-x86_64/jdk8u51/3951/hotspot/src/share/vm/prims/jvm.cpp, line 1382]
Event: 0.604 Thread 0x00007f9253879800 Exception <a 'java/lang/NullPointerException'> (0x0000000795b79c90) thrown at [/Users/java_re/workspace/8-2-build-macosx-x86_64/jdk8u51/3951/hotspot/src/share/vm/interpreter/linkResolver.cpp, line 1178]
Event: 1.425 Thread 0x00007f9252108000 Exception <a 'java/lang/NullPointerException'> (0x000000079640b2b8) thrown at [/Users/java_re/workspace/8-2-build-macosx-x86_64/jdk8u51/3951/hotspot/src/share/vm/interpreter/linkResolver.cpp, line 1178]
Event: 1.425 Thread 0x00007f9252108000 Exception <a 'java/lang/NullPointerException'> (0x000000079640b2b8) thrown at [/Users/java_re/workspace/8-2-build-macosx-x86_64/jdk8u51/3951/hotspot/src/share/vm/prims/jvm.cpp, line 1386]

Events (10 events):
Event: 506.481 Executing VM operation: ParallelGCFailedAllocation
Event: 506.483 Executing VM operation: ParallelGCFailedAllocation done
Event: 508.541 Executing VM operation: ParallelGCFailedAllocation
Event: 508.543 Executing VM operation: ParallelGCFailedAllocation done
Event: 508.921 Thread 0x00007f925229c800 DEOPT PACKING pc=0x0000000105df5fe6 sp=0x0000700001555810
Event: 508.921 Thread 0x00007f925229c800 DEOPT UNPACKING pc=0x00000001055b0633 sp=0x00007000015555a0 mode 0
Event: 510.520 Executing VM operation: ParallelGCFailedAllocation
Event: 510.522 Executing VM operation: ParallelGCFailedAllocation done
Event: 512.529 Executing VM operation: ParallelGCFailedAllocation
Event: 512.531 Executing VM operation: ParallelGCFailedAllocation done


Dynamic libraries:
0x00000000048de000 	/System/Library/Frameworks/Cocoa.framework/Versions/A/Cocoa
0x00000000048de000 	/System/Library/Frameworks/Security.framework/Versions/A/Security
0x00000000048de000 	/System/Library/Frameworks/ApplicationServices.framework/Versions/A/ApplicationServices
0x00000000048de000 	/usr/lib/libz.1.dylib
0x00000000048de000 	/usr/lib/libSystem.B.dylib
0x00000000048de000 	/usr/lib/libobjc.A.dylib
0x00000000048de000 	/System/Library/Frameworks/CoreFoundation.framework/Versions/A/CoreFoundation
0x00000000048de000 	/System/Library/Frameworks/Foundation.framework/Versions/C/Foundation
0x00000000048de000 	/System/Library/Frameworks/AppKit.framework/Versions/C/AppKit
0x00000000048de000 	/System/Library/Frameworks/CoreData.framework/Versions/A/CoreData
0x00000000048de000 	/System/Library/PrivateFrameworks/RemoteViewServices.framework/Versions/A/RemoteViewServices
0x00000000048de000 	/System/Library/PrivateFrameworks/UIFoundation.framework/Versions/A/UIFoundation
0x00000000048de000 	/usr/lib/libScreenReader.dylib
0x00000000048de000 	/System/Library/Frameworks/Accelerate.framework/Versions/A/Accelerate
0x00000000048de000 	/System/Library/Frameworks/IOSurface.framework/Versions/A/IOSurface
0x00000000048de000 	/System/Library/Frameworks/AudioToolbox.framework/Versions/A/AudioToolbox
0x00000000048de000 	/System/Library/Frameworks/AudioUnit.framework/Versions/A/AudioUnit
0x00000000048de000 	/System/Library/PrivateFrameworks/DataDetectorsCore.framework/Versions/A/DataDetectorsCore
0x00000000048de000 	/System/Library/PrivateFrameworks/DesktopServicesPriv.framework/Versions/A/DesktopServicesPriv
0x00000000048de000 	/System/Library/Frameworks/Carbon.framework/Versions/A/Frameworks/HIToolbox.framework/Versions/A/HIToolbox
0x00000000048de000 	/System/Library/Frameworks/QuartzCore.framework/Versions/A/QuartzCore
0x00000000048de000 	/System/Library/Frameworks/Carbon.framework/Versions/A/Frameworks/SpeechRecognition.framework/Versions/A/SpeechRecognition
0x00000000048de000 	/usr/lib/libauto.dylib
0x00000000048de000 	/usr/lib/libicucore.A.dylib
0x00000000048de000 	/usr/lib/libxml2.2.dylib
0x00000000048de000 	/System/Library/PrivateFrameworks/CoreUI.framework/Versions/A/CoreUI
0x00000000048de000 	/System/Library/Frameworks/CoreAudio.framework/Versions/A/CoreAudio
0x00000000048de000 	/System/Library/Frameworks/DiskArbitration.framework/Versions/A/DiskArbitration
0x00000000048de000 	/usr/lib/liblangid.dylib
0x00000000048de000 	/System/Library/PrivateFrameworks/MultitouchSupport.framework/Versions/A/MultitouchSupport
0x00000000048de000 	/System/Library/Frameworks/IOKit.framework/Versions/A/IOKit
0x00000000048de000 	/usr/lib/libDiagnosticMessagesClient.dylib
0x00000000048de000 	/System/Library/Frameworks/CoreServices.framework/Versions/A/CoreServices
0x00000000048de000 	/System/Library/PrivateFrameworks/PerformanceAnalysis.framework/Versions/A/PerformanceAnalysis
0x00000000048de000 	/System/Library/PrivateFrameworks/GenerationalStorage.framework/Versions/A/GenerationalStorage
0x00000000048de000 	/System/Library/Frameworks/OpenGL.framework/Versions/A/OpenGL
0x00000000048de000 	/System/Library/PrivateFrameworks/Sharing.framework/Versions/A/Sharing
0x00000000048de000 	/System/Library/Frameworks/CoreGraphics.framework/Versions/A/CoreGraphics
0x00000000048de000 	/System/Library/Frameworks/CoreImage.framework/Versions/A/CoreImage
0x00000000048de000 	/System/Library/Frameworks/CoreText.framework/Versions/A/CoreText
0x00000000048de000 	/System/Library/Frameworks/ImageIO.framework/Versions/A/ImageIO
0x00000000048de000 	/System/Library/PrivateFrameworks/Backup.framework/Versions/A/Backup
0x00000000048de000 	/usr/lib/libextension.dylib
0x00000000048de000 	/usr/lib/libarchive.2.dylib
0x00000000048de000 	/System/Library/Frameworks/CFNetwork.framework/Versions/A/CFNetwork
0x00000000048de000 	/System/Library/Frameworks/SystemConfiguration.framework/Versions/A/SystemConfiguration
0x00000000048de000 	/usr/lib/libCRFSuite.dylib
0x00000000048de000 	/usr/lib/libc++.1.dylib
0x00000000048de000 	/usr/lib/libc++abi.dylib
0x00000000048de000 	/usr/lib/system/libcache.dylib
0x00000000048de000 	/usr/lib/system/libcommonCrypto.dylib
0x00000000048de000 	/usr/lib/system/libcompiler_rt.dylib
0x00000000048de000 	/usr/lib/system/libcopyfile.dylib
0x00000000048de000 	/usr/lib/system/libcorecrypto.dylib
0x00000000048de000 	/usr/lib/system/libdispatch.dylib
0x00000000048de000 	/usr/lib/system/libdyld.dylib
0x00000000048de000 	/usr/lib/system/libkeymgr.dylib
0x00000000048de000 	/usr/lib/system/liblaunch.dylib
0x00000000048de000 	/usr/lib/system/libmacho.dylib
0x00000000048de000 	/usr/lib/system/libquarantine.dylib
0x00000000048de000 	/usr/lib/system/libremovefile.dylib
0x00000000048de000 	/usr/lib/system/libsystem_asl.dylib
0x00000000048de000 	/usr/lib/system/libsystem_blocks.dylib
0x00000000048de000 	/usr/lib/system/libsystem_c.dylib
0x00000000048de000 	/usr/lib/system/libsystem_configuration.dylib
0x00000000048de000 	/usr/lib/system/libsystem_coreservices.dylib
0x00000000048de000 	/usr/lib/system/libsystem_coretls.dylib
0x00000000048de000 	/usr/lib/system/libsystem_dnssd.dylib
0x00000000048de000 	/usr/lib/system/libsystem_info.dylib
0x00000000048de000 	/usr/lib/system/libsystem_kernel.dylib
0x00000000048de000 	/usr/lib/system/libsystem_m.dylib
0x00000000048de000 	/usr/lib/system/libsystem_malloc.dylib
0x00000000048de000 	/usr/lib/system/libsystem_network.dylib
0x00000000048de000 	/usr/lib/system/libsystem_networkextension.dylib
0x00000000048de000 	/usr/lib/system/libsystem_notify.dylib
0x00000000048de000 	/usr/lib/system/libsystem_platform.dylib
0x00000000048de000 	/usr/lib/system/libsystem_pthread.dylib
0x00000000048de000 	/usr/lib/system/libsystem_sandbox.dylib
0x00000000048de000 	/usr/lib/system/libsystem_secinit.dylib
0x00000000048de000 	/usr/lib/system/libsystem_trace.dylib
0x00000000048de000 	/usr/lib/system/libunc.dylib
0x00000000048de000 	/usr/lib/system/libunwind.dylib
0x00000000048de000 	/usr/lib/system/libxpc.dylib
0x00000000048de000 	/usr/lib/libenergytrace.dylib
0x00000000048de000 	/usr/lib/libbsm.0.dylib
0x00000000048de000 	/usr/lib/system/libkxld.dylib
0x00000000048de000 	/usr/lib/libxar.1.dylib
0x00000000048de000 	/usr/lib/libsqlite3.dylib
0x00000000048de000 	/usr/lib/libpam.2.dylib
0x00000000048de000 	/usr/lib/libOpenScriptingUtil.dylib
0x00000000048de000 	/usr/lib/libbz2.1.0.dylib
0x00000000048de000 	/usr/lib/liblzma.5.dylib
0x00000000048de000 	/System/Library/Frameworks/CoreServices.framework/Versions/A/Frameworks/FSEvents.framework/Versions/A/FSEvents
0x00000000048de000 	/System/Library/Frameworks/CoreServices.framework/Versions/A/Frameworks/CarbonCore.framework/Versions/A/CarbonCore
0x00000000048de000 	/System/Library/Frameworks/CoreServices.framework/Versions/A/Frameworks/Metadata.framework/Versions/A/Metadata
0x00000000048de000 	/System/Library/Frameworks/CoreServices.framework/Versions/A/Frameworks/OSServices.framework/Versions/A/OSServices
0x00000000048de000 	/System/Library/Frameworks/CoreServices.framework/Versions/A/Frameworks/SearchKit.framework/Versions/A/SearchKit
0x00000000048de000 	/System/Library/Frameworks/CoreServices.framework/Versions/A/Frameworks/AE.framework/Versions/A/AE
0x00000000048de000 	/System/Library/Frameworks/CoreServices.framework/Versions/A/Frameworks/LaunchServices.framework/Versions/A/LaunchServices
0x00000000048de000 	/System/Library/Frameworks/CoreServices.framework/Versions/A/Frameworks/DictionaryServices.framework/Versions/A/DictionaryServices
0x00000000048de000 	/System/Library/Frameworks/CoreServices.framework/Versions/A/Frameworks/SharedFileList.framework/Versions/A/SharedFileList
0x00000000048de000 	/System/Library/Frameworks/NetFS.framework/Versions/A/NetFS
0x00000000048de000 	/System/Library/PrivateFrameworks/NetAuth.framework/Versions/A/NetAuth
0x00000000048de000 	/System/Library/PrivateFrameworks/login.framework/Versions/A/Frameworks/loginsupport.framework/Versions/A/loginsupport
0x00000000048de000 	/System/Library/PrivateFrameworks/TCC.framework/Versions/A/TCC
0x00000000048de000 	/usr/lib/libmecabra.dylib
0x00000000048de000 	/System/Library/Frameworks/ApplicationServices.framework/Versions/A/Frameworks/ATS.framework/Versions/A/ATS
0x00000000048de000 	/System/Library/Frameworks/ApplicationServices.framework/Versions/A/Frameworks/ColorSync.framework/Versions/A/ColorSync
0x00000000048de000 	/System/Library/Frameworks/ApplicationServices.framework/Versions/A/Frameworks/HIServices.framework/Versions/A/HIServices
0x00000000048de000 	/System/Library/Frameworks/ApplicationServices.framework/Versions/A/Frameworks/LangAnalysis.framework/Versions/A/LangAnalysis
0x00000000048de000 	/System/Library/Frameworks/ApplicationServices.framework/Versions/A/Frameworks/PrintCore.framework/Versions/A/PrintCore
0x00000000048de000 	/System/Library/Frameworks/ApplicationServices.framework/Versions/A/Frameworks/QD.framework/Versions/A/QD
0x00000000048de000 	/System/Library/Frameworks/ApplicationServices.framework/Versions/A/Frameworks/SpeechSynthesis.framework/Versions/A/SpeechSynthesis
0x00000000048de000 	/System/Library/Frameworks/Metal.framework/Versions/A/Metal
0x00000000048de000 	/System/Library/Frameworks/Accelerate.framework/Versions/A/Frameworks/vImage.framework/Versions/A/vImage
0x00000000048de000 	/System/Library/Frameworks/Accelerate.framework/Versions/A/Frameworks/vecLib.framework/Versions/A/vecLib
0x00000000048de000 	/System/Library/Frameworks/Accelerate.framework/Versions/A/Frameworks/vecLib.framework/Versions/A/libvDSP.dylib
0x00000000048de000 	/System/Library/Frameworks/Accelerate.framework/Versions/A/Frameworks/vecLib.framework/Versions/A/libvMisc.dylib
0x00000000048de000 	/System/Library/Frameworks/Accelerate.framework/Versions/A/Frameworks/vecLib.framework/Versions/A/libLAPACK.dylib
0x00000000048de000 	/System/Library/Frameworks/Accelerate.framework/Versions/A/Frameworks/vecLib.framework/Versions/A/libBLAS.dylib
0x00000000048de000 	/System/Library/Frameworks/Accelerate.framework/Versions/A/Frameworks/vecLib.framework/Versions/A/libLinearAlgebra.dylib
0x00000000048de000 	/System/Library/Frameworks/Accelerate.framework/Versions/A/Frameworks/vecLib.framework/Versions/A/libSparseBLAS.dylib
0x00000000048de000 	/System/Library/PrivateFrameworks/GPUCompiler.framework/libmetal_timestamp.dylib
0x00000000048de000 	/System/Library/Frameworks/OpenGL.framework/Versions/A/Libraries/libCoreFSCache.dylib
0x00000000048de000 	/System/Library/PrivateFrameworks/IOAccelerator.framework/Versions/A/IOAccelerator
0x00000000048de000 	/System/Library/Frameworks/ApplicationServices.framework/Versions/A/Frameworks/ATS.framework/Versions/A/Resources/libFontParser.dylib
0x00000000048de000 	/System/Library/Frameworks/ApplicationServices.framework/Versions/A/Frameworks/ATS.framework/Versions/A/Resources/libFontRegistry.dylib
0x00000000048de000 	/System/Library/PrivateFrameworks/AppleVPA.framework/Versions/A/AppleVPA
0x00000000048de000 	/System/Library/PrivateFrameworks/AppleJPEG.framework/Versions/A/AppleJPEG
0x00000000048de000 	/System/Library/Frameworks/ImageIO.framework/Versions/A/Resources/libJPEG.dylib
0x00000000048de000 	/System/Library/Frameworks/ImageIO.framework/Versions/A/Resources/libTIFF.dylib
0x00000000048de000 	/System/Library/Frameworks/ImageIO.framework/Versions/A/Resources/libPng.dylib
0x00000000048de000 	/System/Library/Frameworks/ImageIO.framework/Versions/A/Resources/libGIF.dylib
0x00000000048de000 	/System/Library/Frameworks/ImageIO.framework/Versions/A/Resources/libJP2.dylib
0x00000000048de000 	/System/Library/Frameworks/ImageIO.framework/Versions/A/Resources/libRadiance.dylib
0x00000000048de000 	/System/Library/Frameworks/CoreVideo.framework/Versions/A/CoreVideo
0x00000000048de000 	/System/Library/Frameworks/OpenGL.framework/Versions/A/Libraries/libGLU.dylib
0x00000000048de000 	/System/Library/Frameworks/OpenGL.framework/Versions/A/Libraries/libGFXShared.dylib
0x00000000048de000 	/System/Library/Frameworks/OpenGL.framework/Versions/A/Libraries/libGL.dylib
0x00000000048de000 	/System/Library/Frameworks/OpenGL.framework/Versions/A/Libraries/libGLImage.dylib
0x00000000048de000 	/System/Library/Frameworks/OpenGL.framework/Versions/A/Libraries/libCVMSPluginSupport.dylib
0x00000000048de000 	/System/Library/Frameworks/OpenGL.framework/Versions/A/Libraries/libCoreVMClient.dylib
0x00000000048de000 	/usr/lib/libcups.2.dylib
0x00000000048de000 	/System/Library/Frameworks/Kerberos.framework/Versions/A/Kerberos
0x00000000048de000 	/System/Library/Frameworks/GSS.framework/Versions/A/GSS
0x00000000048de000 	/usr/lib/libresolv.9.dylib
0x00000000048de000 	/usr/lib/libiconv.2.dylib
0x00000000048de000 	/System/Library/PrivateFrameworks/Heimdal.framework/Versions/A/Heimdal
0x00000000048de000 	/usr/lib/libheimdal-asn1.dylib
0x00000000048de000 	/System/Library/Frameworks/OpenDirectory.framework/Versions/A/OpenDirectory
0x00000000048de000 	/System/Library/PrivateFrameworks/CommonAuth.framework/Versions/A/CommonAuth
0x00000000048de000 	/System/Library/Frameworks/OpenDirectory.framework/Versions/A/Frameworks/CFOpenDirectory.framework/Versions/A/CFOpenDirectory
0x00000000048de000 	/System/Library/Frameworks/SecurityFoundation.framework/Versions/A/SecurityFoundation
0x00000000048de000 	/System/Library/PrivateFrameworks/LanguageModeling.framework/Versions/A/LanguageModeling
0x00000000048de000 	/usr/lib/libmarisa.dylib
0x00000000048de000 	/usr/lib/libChineseTokenizer.dylib
0x00000000048de000 	/usr/lib/libcmph.dylib
0x00000000048de000 	/usr/lib/libcompression.dylib
0x00000000048de000 	/System/Library/Frameworks/ServiceManagement.framework/Versions/A/ServiceManagement
0x00000000048de000 	/usr/lib/libxslt.1.dylib
0x00000000048de000 	/System/Library/Frameworks/Carbon.framework/Versions/A/Frameworks/Ink.framework/Versions/A/Ink
0x00000000048de000 	/usr/lib/libFosl_dynamic.dylib
0x00000000048de000 	/System/Library/PrivateFrameworks/FaceCore.framework/Versions/A/FaceCore
0x00000000048de000 	/System/Library/Frameworks/OpenCL.framework/Versions/A/OpenCL
0x00000000048de000 	/System/Library/PrivateFrameworks/CrashReporterSupport.framework/Versions/A/CrashReporterSupport
0x00000000048de000 	/System/Library/PrivateFrameworks/IconServices.framework/Versions/A/IconServices
0x00000000048de000 	/System/Library/PrivateFrameworks/Apple80211.framework/Versions/A/Apple80211
0x00000000048de000 	/System/Library/Frameworks/CoreWLAN.framework/Versions/A/CoreWLAN
0x00000000048de000 	/System/Library/Frameworks/IOBluetooth.framework/Versions/A/IOBluetooth
0x00000000048de000 	/System/Library/PrivateFrameworks/CoreWiFi.framework/Versions/A/CoreWiFi
0x00000000048de000 	/System/Library/Frameworks/CoreBluetooth.framework/Versions/A/CoreBluetooth
0x00000000048de000 	/System/Library/PrivateFrameworks/ChunkingLibrary.framework/Versions/A/ChunkingLibrary
0x00000000048de000 	/System/Library/PrivateFrameworks/DebugSymbols.framework/Versions/A/DebugSymbols
0x00000000048de000 	/System/Library/PrivateFrameworks/CoreSymbolication.framework/Versions/A/CoreSymbolication
0x00000000048de000 	/System/Library/PrivateFrameworks/Symbolication.framework/Versions/A/Symbolication
0x00000000048de000 	/System/Library/PrivateFrameworks/SpeechRecognitionCore.framework/Versions/A/SpeechRecognitionCore
0x0000000104600000 	/Library/Java/JavaVirtualMachines/jdk1.8.0_51.jdk/Contents/Home/jre/lib/server/libjvm.dylib
0x00000000048de000 	/usr/lib/libstdc++.6.dylib
0x0000000103ccd000 	/Library/Java/JavaVirtualMachines/jdk1.8.0_51.jdk/Contents/Home/jre/lib/libverify.dylib
0x0000000103cdb000 	/Library/Java/JavaVirtualMachines/jdk1.8.0_51.jdk/Contents/Home/jre/lib/libjava.dylib
0x0000000103d1a000 	/Library/Java/JavaVirtualMachines/jdk1.8.0_51.jdk/Contents/Home/jre/lib/libzip.dylib
0x000000011ae01000 	/System/Library/Frameworks/JavaVM.framework/Frameworks/JavaRuntimeSupport.framework/JavaRuntimeSupport
0x000000011ae1c000 	/System/Library/Frameworks/JavaVM.framework/Versions/A/Frameworks/JavaNativeFoundation.framework/Versions/A/JavaNativeFoundation
0x0000000103def000 	/System/Library/Frameworks/JavaVM.framework/Versions/A/JavaVM
0x00000000048de000 	/System/Library/Frameworks/Carbon.framework/Versions/A/Carbon
0x000000011ae31000 	/System/Library/PrivateFrameworks/JavaLaunching.framework/Versions/A/JavaLaunching
0x00000000048de000 	/System/Library/Frameworks/Carbon.framework/Versions/A/Frameworks/CommonPanels.framework/Versions/A/CommonPanels
0x00000000048de000 	/System/Library/Frameworks/Carbon.framework/Versions/A/Frameworks/Help.framework/Versions/A/Help
0x00000000048de000 	/System/Library/Frameworks/Carbon.framework/Versions/A/Frameworks/ImageCapture.framework/Versions/A/ImageCapture
0x00000000048de000 	/System/Library/Frameworks/Carbon.framework/Versions/A/Frameworks/OpenScripting.framework/Versions/A/OpenScripting
0x00000000048de000 	/System/Library/Frameworks/Carbon.framework/Versions/A/Frameworks/Print.framework/Versions/A/Print
0x00000000048de000 	/System/Library/Frameworks/Carbon.framework/Versions/A/Frameworks/SecurityHI.framework/Versions/A/SecurityHI
0x000000011c8a3000 	/Applications/IntelliJ IDEA 15.app/Contents/bin/libbreakgen64.jnilib
0x000000011c8a6000 	/Library/Java/JavaVirtualMachines/jdk1.8.0_51.jdk/Contents/Home/jre/lib/libnet.dylib
0x000000011c99b000 	/Library/Java/JavaVirtualMachines/jdk1.8.0_51.jdk/Contents/Home/jre/lib/libprism_es2.dylib
0x00000000048de000 	/System/Library/Frameworks/OpenGL.framework/Versions/A/Resources/GLEngine.bundle/GLEngine
0x00000000048de000 	/System/Library/Frameworks/OpenGL.framework/Versions/A/Libraries/libGLProgrammability.dylib
0x000000011ca1d000 	/System/Library/Extensions/AppleIntelBDWGraphicsGLDriver.bundle/Contents/MacOS/AppleIntelBDWGraphicsGLDriver
0x00000000048de000 	/System/Library/PrivateFrameworks/GPUSupport.framework/Versions/A/Libraries/libGPUSupportMercury.dylib
0x00000000048de000 	/System/Library/Frameworks/OpenGL.framework/Versions/A/Resources/GLRendererFloat.bundle/GLRendererFloat
0x00000000048de000 	/System/Library/Frameworks/OpenCL.framework/Versions/A/Libraries/libcldcpuengine.dylib
0x00000000048de000 	/System/Library/PrivateFrameworks/DiskImages.framework/Versions/A/DiskImages
0x00000000048de000 	/System/Library/Frameworks/DiscRecording.framework/Versions/A/DiscRecording
0x00000000048de000 	/usr/lib/libcsfde.dylib
0x00000000048de000 	/usr/lib/libcurl.4.dylib
0x00000000048de000 	/System/Library/PrivateFrameworks/MediaKit.framework/Versions/A/MediaKit
0x00000000048de000 	/System/Library/PrivateFrameworks/ProtectedCloudStorage.framework/Versions/A/ProtectedCloudStorage
0x00000000048de000 	/usr/lib/libCoreStorage.dylib
0x00000000048de000 	/System/Library/PrivateFrameworks/EFILogin.framework/Versions/A/EFILogin
0x00000000048de000 	/usr/lib/libutil.dylib
0x00000000048de000 	/System/Library/PrivateFrameworks/FindMyDevice.framework/Versions/A/FindMyDevice
0x00000000048de000 	/System/Library/Frameworks/LDAP.framework/Versions/A/LDAP
0x00000000048de000 	/usr/lib/libsasl2.2.dylib
0x00000000048de000 	/System/Library/PrivateFrameworks/CoreDaemon.framework/Versions/B/CoreDaemon
0x00000000048de000 	/usr/lib/libcrypto.0.9.8.dylib
0x00000000048de000 	/System/Library/PrivateFrameworks/AppleSRP.framework/Versions/A/AppleSRP
0x00000000048de000 	/System/Library/PrivateFrameworks/TrustEvaluationAgent.framework/Versions/A/TrustEvaluationAgent
0x000000011d555000 	/Library/Java/JavaVirtualMachines/jdk1.8.0_51.jdk/Contents/Home/jre/lib/libglass.dylib
0x00000000048de000 	/System/Library/PrivateFrameworks/CoreServicesInternal.framework/Versions/A/CoreServicesInternal
0x00000000048de000 	/System/Library/CoreServices/RawCamera.bundle/Contents/MacOS/RawCamera
0x00000000048de000 	/System/Library/Frameworks/CoreGraphics.framework/Versions/A/Resources/libRIP.A.dylib
0x00000000048de000 	/System/Library/Frameworks/Accelerate.framework/Versions/A/Frameworks/vImage.framework/Versions/A/Libraries/libCGInterfaces.dylib
0x00000000048de000 	/System/Library/PrivateFrameworks/FamilyControls.framework/Versions/A/FamilyControls
0x00000000048de000 	/System/Library/PrivateFrameworks/CommerceKit.framework/Versions/A/Frameworks/CommerceCore.framework/Versions/A/CommerceCore
0x00000000048de000 	/System/Library/PrivateFrameworks/SystemAdministration.framework/Versions/A/SystemAdministration
0x00000000048de000 	/System/Library/PrivateFrameworks/AppContainer.framework/Versions/A/AppContainer
0x00000000048de000 	/System/Library/PrivateFrameworks/SecCodeWrapper.framework/Versions/A/SecCodeWrapper
0x00000000048de000 	/System/Library/Frameworks/DirectoryService.framework/Versions/A/DirectoryService
0x00000000048de000 	/System/Library/PrivateFrameworks/LoginUIKit.framework/Versions/A/Frameworks/LoginUICore.framework/Versions/A/LoginUICore
0x00000000048de000 	/usr/lib/libodfde.dylib
0x00000001201de000 	/Library/Java/JavaVirtualMachines/jdk1.8.0_51.jdk/Contents/Home/jre/lib/libjavafx_font.dylib
0x00000000048de000 	/System/Library/Frameworks/CoreGraphics.framework/Versions/A/Resources/libCGXType.A.dylib
0x0000000122458000 	cl_kernels
0x00000000048de000 	/System/Library/Frameworks/OpenCL.framework/Versions/A/Libraries/ImageFormats/unorm8_bgra.dylib
0x00000000048de000 	/System/Library/Frameworks/OpenCL.framework/Versions/A/Libraries/ImageFormats/unorm8_rgba.dylib
0x0000000123040000 	/Library/Java/JavaVirtualMachines/jdk1.8.0_51.jdk/Contents/Home/jre/lib/libprism_common.dylib
0x00000001247db000 	/System/Library/Extensions/AppleIntelBDWGraphicsMTLDriver.bundle/Contents/MacOS/AppleIntelBDWGraphicsMTLDriver

VM Arguments:
jvm_args: -Didea.launcher.port=7532 -Didea.launcher.bin.path=/Applications/IntelliJ IDEA 15.app/Contents/bin -Dfile.encoding=UTF-8 
java_command: com.intellij.rt.execution.application.AppMain sample.Main
java_class_path (initial): /Library/Java/JavaVirtualMachines/jdk1.8.0_51.jdk/Contents/Home/lib/ant-javafx.jar:/Library/Java/JavaVirtualMachines/jdk1.8.0_51.jdk/Contents/Home/lib/dt.jar:/Library/Java/JavaVirtualMachines/jdk1.8.0_51.jdk/Contents/Home/lib/javafx-mx.jar:/Library/Java/JavaVirtualMachines/jdk1.8.0_51.jdk/Contents/Home/lib/jconsole.jar:/Library/Java/JavaVirtualMachines/jdk1.8.0_51.jdk/Contents/Home/lib/packager.jar:/Library/Java/JavaVirtualMachines/jdk1.8.0_51.jdk/Contents/Home/lib/sa-jdi.jar:/Library/Java/JavaVirtualMachines/jdk1.8.0_51.jdk/Contents/Home/lib/tools.jar:/Library/Java/JavaVirtualMachines/jdk1.8.0_51.jdk/Contents/Home/jre/lib/charsets.jar:/Library/Java/JavaVirtualMachines/jdk1.8.0_51.jdk/Contents/Home/jre/lib/deploy.jar:/Library/Java/JavaVirtualMachines/jdk1.8.0_51.jdk/Contents/Home/jre/lib/javaws.jar:/Library/Java/JavaVirtualMachines/jdk1.8.0_51.jdk/Contents/Home/jre/lib/jce.jar:/Library/Java/JavaVirtualMachines/jdk1.8.0_51.jdk/Contents/Home/jre/lib/jfr.jar:/Library/Java/JavaVirtualMachines/jdk1.8.0_51.jdk/Contents/Home/jre/lib/jfxswt.jar:/Library/Java/JavaVirtualMachines/jdk1.8.0_51.jdk/Contents/Home/jre/lib/jsse.jar:/Library/Java/JavaVirtualMachines/jdk1.8.0_51.jdk/Contents/Home/jre/lib/management-agent.jar:/Library/Java/JavaVirtualMachines/jdk1.8.0_51.jdk/Contents/Home/jre/lib/plugin.jar:/Library/Java/JavaVirtualMachines/jdk1.8.0_51.jdk/Contents/Home/jre/lib/resources.jar:/Library/Java/JavaVirtualMachines/jdk1.8.0_51.jdk/Contents/Home/jre/lib/rt.jar:/Library/Java/JavaVirtualMachines/jdk1.8.0_51.jdk/Contents/Home/jre/lib/ext/cldrdata.jar:/Library/Java/JavaVirtualMachines/jdk1.8.0_51.jdk/Contents/Home/jre/lib/ext/dnsns.jar:/Library/Java/JavaVirtualMachines/jdk1.8.0_51.jdk/Contents/Home/jre/lib/ext/jfxrt.jar:/Library/Java/JavaVirtualMachines/jdk1.8.0_51.jdk/Contents/Home/jre/lib/ext/localedata.jar:/Library/Java/JavaVirtualMachines/jdk1.8.0_51.jdk/Contents/Home/jre/lib/ext/nashorn.jar:/Library/Java/JavaVirtualMachines/jdk1.8.0_51.jdk/Conten
Launcher Type: SUN_STANDARD

Environment Variables:
PATH=/usr/local/bin:/usr/bin:/bin:/usr/sbin:/sbin
SHELL=/bin/zsh

Signal Handlers:
SIGSEGV: [libjvm.dylib+0x58ef35], sa_mask[0]=11111111011111110111111111111111, sa_flags=SA_ONSTACK|SA_RESTART|SA_SIGINFO
SIGBUS: [libjvm.dylib+0x58ef35], sa_mask[0]=11111111011111110111111111111111, sa_flags=SA_RESTART|SA_SIGINFO
SIGFPE: [libjvm.dylib+0x46c028], sa_mask[0]=11111111011111110111111111111111, sa_flags=SA_RESTART|SA_SIGINFO
SIGPIPE: [libjvm.dylib+0x46c028], sa_mask[0]=11111111011111110111111111111111, sa_flags=SA_RESTART|SA_SIGINFO
SIGXFSZ: [libjvm.dylib+0x46c028], sa_mask[0]=11111111011111110111111111111111, sa_flags=SA_RESTART|SA_SIGINFO
SIGILL: [libjvm.dylib+0x46c028], sa_mask[0]=11111111011111110111111111111111, sa_flags=SA_RESTART|SA_SIGINFO
SIGUSR1: SIG_DFL, sa_mask[0]=00000000000000000000000000000000, sa_flags=none
SIGUSR2: [libjvm.dylib+0x46bb46], sa_mask[0]=00100000000000000000000000000000, sa_flags=SA_RESTART|SA_SIGINFO
SIGHUP: [libjvm.dylib+0x46a119], sa_mask[0]=11111111011111110111111111111111, sa_flags=SA_RESTART|SA_SIGINFO
SIGINT: [libjvm.dylib+0x46a119], sa_mask[0]=11111111011111110111111111111111, sa_flags=SA_RESTART|SA_SIGINFO
SIGTERM: [libjvm.dylib+0x46a119], sa_mask[0]=11111111011111110111111111111111, sa_flags=SA_RESTART|SA_SIGINFO
SIGQUIT: [libjvm.dylib+0x46a119], sa_mask[0]=11111111011111110111111111111111, sa_flags=SA_RESTART|SA_SIGINFO


---------------  S Y S T E M  ---------------

OS:Bsduname:Darwin 15.2.0 Darwin Kernel Version 15.2.0: Fri Nov 13 19:56:56 PST 2015; root:xnu-3248.20.55~2/RELEASE_X86_64 x86_64
rlimit: STACK 8192k, CORE 0k, NPROC 709, NOFILE 10240, AS infinity
load average:2.70 2.46 2.22

CPU:total 4 (2 cores per cpu, 2 threads per core) family 6 model 61 stepping 4, cmov, cx8, fxsr, mmx, sse, sse2, sse3, ssse3, sse4.1, sse4.2, popcnt, avx, avx2, aes, clmul, erms, 3dnowpref, lzcnt, ht, tsc, tscinvbit, bmi1, bmi2, adx

Memory: 4k page, physical 8388608k(86748k free)

/proc/meminfo:


vm_info: Java HotSpot(TM) 64-Bit Server VM (25.51-b03) for bsd-amd64 JRE (1.8.0_51-b16), built on Jun  8 2015 18:01:11 by "java_re" with gcc 4.2.1 (Based on Apple Inc. build 5658) (LLVM build 2336.11.00)

time: Fri Jan 29 09:49:07 2016
elapsed time: 514 seconds (0d 0h 8m 34s)

